2022-10-31 08:37:40,223 WARN clearConfigHistory start

2022-10-31 08:37:41,181 WARN clearConfigHistory, getBeforeStamp:2022-10-01 08:37:41.0, pageSize:1000

2022-10-31 08:38:03,545 WARN HikariPool-1 - Thread starvation or clock leap detected (housekeeper delta=9h48m38s469ms390µs).

2022-10-31 08:45:57,376 INFO [capacityManagement] start correct usage

2022-10-31 08:45:57,377 INFO [capacityManagement] end correct usage, cost: 6.769E-4s

2022-10-31 08:47:41,197 WARN clearConfigHistory start

2022-10-31 08:47:41,197 WARN clearConfigHistory, getBeforeStamp:2022-10-01 08:47:41.0, pageSize:1000

2022-10-31 08:55:57,379 INFO [capacityManagement] start correct usage

2022-10-31 08:55:57,380 INFO [capacityManagement] end correct usage, cost: 0.0011829s

2022-10-31 08:57:41,200 WARN clearConfigHistory start

2022-10-31 08:57:41,200 WARN clearConfigHistory, getBeforeStamp:2022-10-01 08:57:41.0, pageSize:1000

2022-10-31 09:05:57,394 INFO [capacityManagement] start correct usage

2022-10-31 09:05:57,394 INFO [capacityManagement] end correct usage, cost: 5.082E-4s

2022-10-31 09:07:41,208 WARN clearConfigHistory start

2022-10-31 09:07:41,209 WARN clearConfigHistory, getBeforeStamp:2022-10-01 09:07:41.0, pageSize:1000

2022-10-31 09:15:57,401 INFO [capacityManagement] start correct usage

2022-10-31 09:15:57,401 INFO [capacityManagement] end correct usage, cost: 2.799E-4s

2022-10-31 09:17:41,217 WARN clearConfigHistory start

2022-10-31 09:17:41,218 WARN clearConfigHistory, getBeforeStamp:2022-10-01 09:17:41.0, pageSize:1000

2022-10-31 09:25:57,405 INFO [capacityManagement] start correct usage

2022-10-31 09:25:57,405 INFO [capacityManagement] end correct usage, cost: 3.124E-4s

2022-10-31 09:27:41,227 WARN clearConfigHistory start

2022-10-31 09:27:41,227 WARN clearConfigHistory, getBeforeStamp:2022-10-01 09:27:41.0, pageSize:1000

2022-10-31 09:35:57,407 INFO [capacityManagement] start correct usage

2022-10-31 09:35:57,408 INFO [capacityManagement] end correct usage, cost: 2.621E-4s

2022-10-31 09:37:41,230 WARN clearConfigHistory start

2022-10-31 09:37:41,230 WARN clearConfigHistory, getBeforeStamp:2022-10-01 09:37:41.0, pageSize:1000

2022-10-31 09:45:57,414 INFO [capacityManagement] start correct usage

2022-10-31 09:45:57,414 INFO [capacityManagement] end correct usage, cost: 2.384E-4s

2022-10-31 09:47:41,238 WARN clearConfigHistory start

2022-10-31 09:47:41,238 WARN clearConfigHistory, getBeforeStamp:2022-10-01 09:47:41.0, pageSize:1000

2022-10-31 09:55:57,417 INFO [capacityManagement] start correct usage

2022-10-31 09:55:57,418 INFO [capacityManagement] end correct usage, cost: 5.719E-4s

2022-10-31 09:57:41,242 WARN clearConfigHistory start

2022-10-31 09:57:41,242 WARN clearConfigHistory, getBeforeStamp:2022-10-01 09:57:41.0, pageSize:1000

2022-10-31 10:05:57,428 INFO [capacityManagement] start correct usage

2022-10-31 10:05:57,428 INFO [capacityManagement] end correct usage, cost: 2.473E-4s

2022-10-31 10:07:41,251 WARN clearConfigHistory start

2022-10-31 10:07:41,251 WARN clearConfigHistory, getBeforeStamp:2022-10-01 10:07:41.0, pageSize:1000

2022-10-31 10:15:57,436 INFO [capacityManagement] start correct usage

2022-10-31 10:15:57,436 INFO [capacityManagement] end correct usage, cost: 1.825E-4s

2022-10-31 10:17:41,261 WARN clearConfigHistory start

2022-10-31 10:17:41,262 WARN clearConfigHistory, getBeforeStamp:2022-10-01 10:17:41.0, pageSize:1000

2022-10-31 10:25:57,449 INFO [capacityManagement] start correct usage

2022-10-31 10:25:57,449 INFO [capacityManagement] end correct usage, cost: 2.334E-4s

2022-10-31 10:27:41,269 WARN clearConfigHistory start

2022-10-31 10:27:41,269 WARN clearConfigHistory, getBeforeStamp:2022-10-01 10:27:41.0, pageSize:1000

2022-10-31 10:35:57,457 INFO [capacityManagement] start correct usage

2022-10-31 10:35:57,457 INFO [capacityManagement] end correct usage, cost: 2.102E-4s

2022-10-31 10:37:41,272 WARN clearConfigHistory start

2022-10-31 10:37:41,273 WARN clearConfigHistory, getBeforeStamp:2022-10-01 10:37:41.0, pageSize:1000

2022-10-31 10:45:57,471 INFO [capacityManagement] start correct usage

2022-10-31 10:45:57,471 INFO [capacityManagement] end correct usage, cost: 3.305E-4s

2022-10-31 10:47:41,286 WARN clearConfigHistory start

2022-10-31 10:47:41,286 WARN clearConfigHistory, getBeforeStamp:2022-10-01 10:47:41.0, pageSize:1000

2022-10-31 10:55:57,474 INFO [capacityManagement] start correct usage

2022-10-31 10:55:57,474 INFO [capacityManagement] end correct usage, cost: 2.665E-4s

2022-10-31 10:57:41,304 WARN clearConfigHistory start

2022-10-31 10:57:41,304 WARN clearConfigHistory, getBeforeStamp:2022-10-01 10:57:41.0, pageSize:1000

2022-10-31 11:05:57,476 INFO [capacityManagement] start correct usage

2022-10-31 11:05:57,476 INFO [capacityManagement] end correct usage, cost: 1.8E-4s

2022-10-31 11:07:41,315 WARN clearConfigHistory start

2022-10-31 11:07:41,315 WARN clearConfigHistory, getBeforeStamp:2022-10-01 11:07:41.0, pageSize:1000

2022-10-31 11:15:57,477 INFO [capacityManagement] start correct usage

2022-10-31 11:15:57,478 INFO [capacityManagement] end correct usage, cost: 3.264E-4s

2022-10-31 11:17:41,318 WARN clearConfigHistory start

2022-10-31 11:17:41,318 WARN clearConfigHistory, getBeforeStamp:2022-10-01 11:17:41.0, pageSize:1000

2022-10-31 11:25:57,492 INFO [capacityManagement] start correct usage

2022-10-31 11:25:57,493 INFO [capacityManagement] end correct usage, cost: 4.434E-4s

2022-10-31 11:27:41,327 WARN clearConfigHistory start

2022-10-31 11:27:41,327 WARN clearConfigHistory, getBeforeStamp:2022-10-01 11:27:41.0, pageSize:1000

2022-10-31 14:40:54,804 WARN clearConfigHistory start

2022-10-31 14:40:54,805 WARN clearConfigHistory, getBeforeStamp:2022-10-01 14:40:54.0, pageSize:1000

2022-10-31 14:41:11,329 WARN HikariPool-1 - Thread starvation or clock leap detected (housekeeper delta=3h13m39s352ms854µs200ns).

2022-10-31 14:49:02,607 INFO [capacityManagement] start correct usage

2022-10-31 14:49:02,607 INFO [capacityManagement] end correct usage, cost: 4.123E-4s

2022-10-31 14:50:54,827 WARN clearConfigHistory start

2022-10-31 14:50:54,827 WARN clearConfigHistory, getBeforeStamp:2022-10-01 14:50:54.0, pageSize:1000

2022-10-31 14:59:02,622 INFO [capacityManagement] start correct usage

2022-10-31 14:59:02,622 INFO [capacityManagement] end correct usage, cost: 4.637E-4s

2022-10-31 15:00:54,843 WARN clearConfigHistory start

2022-10-31 15:00:54,843 WARN clearConfigHistory, getBeforeStamp:2022-10-01 15:00:54.0, pageSize:1000

2022-10-31 15:09:02,627 INFO [capacityManagement] start correct usage

2022-10-31 15:09:02,627 INFO [capacityManagement] end correct usage, cost: 3.809E-4s

2022-10-31 15:10:54,849 WARN clearConfigHistory start

2022-10-31 15:10:54,849 WARN clearConfigHistory, getBeforeStamp:2022-10-01 15:10:54.0, pageSize:1000

2022-10-31 15:19:02,641 INFO [capacityManagement] start correct usage

2022-10-31 15:19:02,641 INFO [capacityManagement] end correct usage, cost: 2.005E-4s

2022-10-31 15:20:54,861 WARN clearConfigHistory start

2022-10-31 15:20:54,861 WARN clearConfigHistory, getBeforeStamp:2022-10-01 15:20:54.0, pageSize:1000

2022-10-31 15:29:02,646 INFO [capacityManagement] start correct usage

2022-10-31 15:29:02,646 INFO [capacityManagement] end correct usage, cost: 4.077E-4s

2022-10-31 15:30:54,865 WARN clearConfigHistory start

2022-10-31 15:30:54,865 WARN clearConfigHistory, getBeforeStamp:2022-10-01 15:30:54.0, pageSize:1000

2022-10-31 15:39:02,650 INFO [capacityManagement] start correct usage

2022-10-31 15:39:02,651 INFO [capacityManagement] end correct usage, cost: 5.044E-4s

2022-10-31 15:40:54,875 WARN clearConfigHistory start

2022-10-31 15:40:54,875 WARN clearConfigHistory, getBeforeStamp:2022-10-01 15:40:54.0, pageSize:1000

2022-10-31 15:49:02,655 INFO [capacityManagement] start correct usage

2022-10-31 15:49:02,655 INFO [capacityManagement] end correct usage, cost: 1.623E-4s

2022-10-31 15:50:54,877 WARN clearConfigHistory start

2022-10-31 15:50:54,878 WARN clearConfigHistory, getBeforeStamp:2022-10-01 15:50:54.0, pageSize:1000

2022-10-31 15:59:02,663 INFO [capacityManagement] start correct usage

2022-10-31 15:59:02,663 INFO [capacityManagement] end correct usage, cost: 3.121E-4s

2022-10-31 16:00:54,890 WARN clearConfigHistory start

2022-10-31 16:00:54,891 WARN clearConfigHistory, getBeforeStamp:2022-10-01 16:00:54.0, pageSize:1000

