2022-10-30 09:24:18,795 INFO Register tps control,pointName=CONFIG_PUSH_COUNT, point=com.alibaba.nacos.core.remote.control.TpsMonitorPoint@1869fbd2 

2022-10-30 09:24:18,799 INFO Load rule from local,pointName=CONFIG_PUSH_COUNT, ruleContent= 

2022-10-30 09:24:18,799 INFO Apply tps control rule parse start,pointName=[CONFIG_PUSH_COUNT]  

2022-10-30 09:24:18,799 INFO Clear point  control rule ,pointName=[CONFIG_PUSH_COUNT]  

2022-10-30 09:24:18,799 INFO Clear point  control rule for monitorKeys, pointName=[CONFIG_PUSH_COUNT]  

2022-10-30 09:24:18,800 INFO Register tps control,pointName=CONFIG_PUSH_SUCCESS, point=com.alibaba.nacos.core.remote.control.TpsMonitorPoint@6af9fcb2 

2022-10-30 09:24:18,800 INFO Load rule from local,pointName=CONFIG_PUSH_SUCCESS, ruleContent= 

2022-10-30 09:24:18,800 INFO Apply tps control rule parse start,pointName=[CONFIG_PUSH_SUCCESS]  

2022-10-30 09:24:18,800 INFO Clear point  control rule ,pointName=[CONFIG_PUSH_SUCCESS]  

2022-10-30 09:24:18,801 INFO Clear point  control rule for monitorKeys, pointName=[CONFIG_PUSH_SUCCESS]  

2022-10-30 09:24:18,801 INFO Register tps control,pointName=CONFIG_PUSH_FAIL, point=com.alibaba.nacos.core.remote.control.TpsMonitorPoint@6cce16f4 

2022-10-30 09:24:18,801 INFO Load rule from local,pointName=CONFIG_PUSH_FAIL, ruleContent= 

2022-10-30 09:24:18,801 INFO Apply tps control rule parse start,pointName=[CONFIG_PUSH_FAIL]  

2022-10-30 09:24:18,801 INFO Clear point  control rule ,pointName=[CONFIG_PUSH_FAIL]  

2022-10-30 09:24:18,801 INFO Clear point  control rule for monitorKeys, pointName=[CONFIG_PUSH_FAIL]  

2022-10-30 09:24:23,637 INFO Register tps control,pointName=ConfigQuery, point=com.alibaba.nacos.core.remote.control.TpsMonitorPoint@f9d87b 

2022-10-30 09:24:23,639 INFO Load rule from local,pointName=ConfigQuery, ruleContent= 

2022-10-30 09:24:23,639 INFO Apply tps control rule parse start,pointName=[ConfigQuery]  

2022-10-30 09:24:23,639 INFO Clear point  control rule ,pointName=[ConfigQuery]  

2022-10-30 09:24:23,639 INFO Clear point  control rule for monitorKeys, pointName=[ConfigQuery]  

2022-10-30 09:24:23,639 INFO Register tps control,pointName=ClusterConfigChangeNotify, point=com.alibaba.nacos.core.remote.control.TpsMonitorPoint@6ffab045 

2022-10-30 09:24:23,640 INFO Load rule from local,pointName=ClusterConfigChangeNotify, ruleContent= 

2022-10-30 09:24:23,640 INFO Apply tps control rule parse start,pointName=[ClusterConfigChangeNotify]  

2022-10-30 09:24:23,640 INFO Clear point  control rule ,pointName=[ClusterConfigChangeNotify]  

2022-10-30 09:24:23,640 INFO Clear point  control rule for monitorKeys, pointName=[ClusterConfigChangeNotify]  

2022-10-30 09:24:23,640 INFO Register tps control,pointName=ConfigListen, point=com.alibaba.nacos.core.remote.control.TpsMonitorPoint@26fb628 

2022-10-30 09:24:23,640 INFO Load rule from local,pointName=ConfigListen, ruleContent= 

2022-10-30 09:24:23,640 INFO Apply tps control rule parse start,pointName=[ConfigListen]  

2022-10-30 09:24:23,640 INFO Clear point  control rule ,pointName=[ConfigListen]  

2022-10-30 09:24:23,640 INFO Clear point  control rule for monitorKeys, pointName=[ConfigListen]  

2022-10-30 09:24:23,641 INFO Register tps control,pointName=ConfigRemove, point=com.alibaba.nacos.core.remote.control.TpsMonitorPoint@70dd7e15 

2022-10-30 09:24:23,641 INFO Load rule from local,pointName=ConfigRemove, ruleContent= 

2022-10-30 09:24:23,641 INFO Apply tps control rule parse start,pointName=[ConfigRemove]  

2022-10-30 09:24:23,641 INFO Clear point  control rule ,pointName=[ConfigRemove]  

2022-10-30 09:24:23,641 INFO Clear point  control rule for monitorKeys, pointName=[ConfigRemove]  

2022-10-30 09:24:23,642 INFO Register tps control,pointName=ConfigPublish, point=com.alibaba.nacos.core.remote.control.TpsMonitorPoint@4a9f80d3 

2022-10-30 09:24:23,642 INFO Load rule from local,pointName=ConfigPublish, ruleContent= 

2022-10-30 09:24:23,642 INFO Apply tps control rule parse start,pointName=[ConfigPublish]  

2022-10-30 09:24:23,642 INFO Clear point  control rule ,pointName=[ConfigPublish]  

2022-10-30 09:24:23,642 INFO Clear point  control rule for monitorKeys, pointName=[ConfigPublish]  

2022-10-30 09:24:23,642 INFO Register tps control,pointName=HealthCheck, point=com.alibaba.nacos.core.remote.control.TpsMonitorPoint@35beb15e 

2022-10-30 09:24:23,643 INFO Load rule from local,pointName=HealthCheck, ruleContent= 

2022-10-30 09:24:23,643 INFO Apply tps control rule parse start,pointName=[HealthCheck]  

2022-10-30 09:24:23,643 INFO Clear point  control rule ,pointName=[HealthCheck]  

2022-10-30 09:24:23,643 INFO Clear point  control rule for monitorKeys, pointName=[HealthCheck]  

2022-10-30 09:25:45,718 INFO Register tps control,pointName=NAMING_RPC_PUSH, point=com.alibaba.nacos.core.remote.control.TpsMonitorPoint@190a00ba 

2022-10-30 09:25:45,720 INFO Load rule from local,pointName=NAMING_RPC_PUSH, ruleContent= 

2022-10-30 09:25:45,720 INFO Apply tps control rule parse start,pointName=[NAMING_RPC_PUSH]  

2022-10-30 09:25:45,720 INFO Clear point  control rule ,pointName=[NAMING_RPC_PUSH]  

2022-10-30 09:25:45,720 INFO Clear point  control rule for monitorKeys, pointName=[NAMING_RPC_PUSH]  

2022-10-30 09:25:45,720 INFO Register tps control,pointName=NAMING_RPC_PUSH_SUCCESS, point=com.alibaba.nacos.core.remote.control.TpsMonitorPoint@63b4115e 

2022-10-30 09:25:45,721 INFO Load rule from local,pointName=NAMING_RPC_PUSH_SUCCESS, ruleContent= 

2022-10-30 09:25:45,721 INFO Apply tps control rule parse start,pointName=[NAMING_RPC_PUSH_SUCCESS]  

2022-10-30 09:25:45,721 INFO Clear point  control rule ,pointName=[NAMING_RPC_PUSH_SUCCESS]  

2022-10-30 09:25:45,721 INFO Clear point  control rule for monitorKeys, pointName=[NAMING_RPC_PUSH_SUCCESS]  

2022-10-30 09:25:45,721 INFO Register tps control,pointName=NAMING_RPC_PUSH_FAIL, point=com.alibaba.nacos.core.remote.control.TpsMonitorPoint@7692f383 

2022-10-30 09:25:45,721 INFO Load rule from local,pointName=NAMING_RPC_PUSH_FAIL, ruleContent= 

2022-10-30 09:25:45,721 INFO Apply tps control rule parse start,pointName=[NAMING_RPC_PUSH_FAIL]  

2022-10-30 09:25:45,721 INFO Clear point  control rule ,pointName=[NAMING_RPC_PUSH_FAIL]  

2022-10-30 09:25:45,721 INFO Clear point  control rule for monitorKeys, pointName=[NAMING_RPC_PUSH_FAIL]  

2022-10-30 09:25:45,721 INFO Register tps control,pointName=NAMING_UDP_PUSH, point=com.alibaba.nacos.core.remote.control.TpsMonitorPoint@5285877a 

2022-10-30 09:25:45,722 INFO Load rule from local,pointName=NAMING_UDP_PUSH, ruleContent= 

2022-10-30 09:25:45,722 INFO Apply tps control rule parse start,pointName=[NAMING_UDP_PUSH]  

2022-10-30 09:25:45,722 INFO Clear point  control rule ,pointName=[NAMING_UDP_PUSH]  

2022-10-30 09:25:45,722 INFO Clear point  control rule for monitorKeys, pointName=[NAMING_UDP_PUSH]  

2022-10-30 09:25:45,722 INFO Register tps control,pointName=NAMING_UDP_PUSH_SUCCESS, point=com.alibaba.nacos.core.remote.control.TpsMonitorPoint@1b434240 

2022-10-30 09:25:45,722 INFO Load rule from local,pointName=NAMING_UDP_PUSH_SUCCESS, ruleContent= 

2022-10-30 09:25:45,722 INFO Apply tps control rule parse start,pointName=[NAMING_UDP_PUSH_SUCCESS]  

2022-10-30 09:25:45,722 INFO Clear point  control rule ,pointName=[NAMING_UDP_PUSH_SUCCESS]  

2022-10-30 09:25:45,722 INFO Clear point  control rule for monitorKeys, pointName=[NAMING_UDP_PUSH_SUCCESS]  

2022-10-30 09:25:45,722 INFO Register tps control,pointName=NAMING_UDP_PUSH_FAIL, point=com.alibaba.nacos.core.remote.control.TpsMonitorPoint@58be9e97 

2022-10-30 09:25:45,723 INFO Load rule from local,pointName=NAMING_UDP_PUSH_FAIL, ruleContent= 

2022-10-30 09:25:45,723 INFO Apply tps control rule parse start,pointName=[NAMING_UDP_PUSH_FAIL]  

2022-10-30 09:25:45,723 INFO Clear point  control rule ,pointName=[NAMING_UDP_PUSH_FAIL]  

2022-10-30 09:25:45,723 INFO Clear point  control rule for monitorKeys, pointName=[NAMING_UDP_PUSH_FAIL]  

2022-10-30 09:25:45,723 INFO Register tps control,pointName=NAMING_DISTRO_SYNC, point=com.alibaba.nacos.core.remote.control.TpsMonitorPoint@39d160e8 

2022-10-30 09:25:45,723 INFO Load rule from local,pointName=NAMING_DISTRO_SYNC, ruleContent= 

2022-10-30 09:25:45,723 INFO Apply tps control rule parse start,pointName=[NAMING_DISTRO_SYNC]  

2022-10-30 09:25:45,723 INFO Clear point  control rule ,pointName=[NAMING_DISTRO_SYNC]  

2022-10-30 09:25:45,723 INFO Clear point  control rule for monitorKeys, pointName=[NAMING_DISTRO_SYNC]  

2022-10-30 09:25:45,723 INFO Register tps control,pointName=NAMING_DISTRO_SYNC_SUCCESS, point=com.alibaba.nacos.core.remote.control.TpsMonitorPoint@47919eff 

2022-10-30 09:25:45,724 INFO Load rule from local,pointName=NAMING_DISTRO_SYNC_SUCCESS, ruleContent= 

2022-10-30 09:25:45,724 INFO Apply tps control rule parse start,pointName=[NAMING_DISTRO_SYNC_SUCCESS]  

2022-10-30 09:25:45,724 INFO Clear point  control rule ,pointName=[NAMING_DISTRO_SYNC_SUCCESS]  

2022-10-30 09:25:45,724 INFO Clear point  control rule for monitorKeys, pointName=[NAMING_DISTRO_SYNC_SUCCESS]  

2022-10-30 09:25:45,724 INFO Register tps control,pointName=NAMING_DISTRO_SYNC_FAIL, point=com.alibaba.nacos.core.remote.control.TpsMonitorPoint@46c1850f 

2022-10-30 09:25:45,725 INFO Load rule from local,pointName=NAMING_DISTRO_SYNC_FAIL, ruleContent= 

2022-10-30 09:25:45,725 INFO Apply tps control rule parse start,pointName=[NAMING_DISTRO_SYNC_FAIL]  

2022-10-30 09:25:45,725 INFO Clear point  control rule ,pointName=[NAMING_DISTRO_SYNC_FAIL]  

2022-10-30 09:25:45,725 INFO Clear point  control rule for monitorKeys, pointName=[NAMING_DISTRO_SYNC_FAIL]  

2022-10-30 09:25:45,725 INFO Register tps control,pointName=NAMING_DISTRO_VERIFY, point=com.alibaba.nacos.core.remote.control.TpsMonitorPoint@6aa7e166 

2022-10-30 09:25:45,725 INFO Load rule from local,pointName=NAMING_DISTRO_VERIFY, ruleContent= 

2022-10-30 09:25:45,725 INFO Apply tps control rule parse start,pointName=[NAMING_DISTRO_VERIFY]  

2022-10-30 09:25:45,725 INFO Clear point  control rule ,pointName=[NAMING_DISTRO_VERIFY]  

2022-10-30 09:25:45,725 INFO Clear point  control rule for monitorKeys, pointName=[NAMING_DISTRO_VERIFY]  

2022-10-30 09:25:45,725 INFO Register tps control,pointName=NAMING_DISTRO_VERIFY_SUCCESS, point=com.alibaba.nacos.core.remote.control.TpsMonitorPoint@58431afa 

2022-10-30 09:25:45,726 INFO Load rule from local,pointName=NAMING_DISTRO_VERIFY_SUCCESS, ruleContent= 

2022-10-30 09:25:45,726 INFO Apply tps control rule parse start,pointName=[NAMING_DISTRO_VERIFY_SUCCESS]  

2022-10-30 09:25:45,726 INFO Clear point  control rule ,pointName=[NAMING_DISTRO_VERIFY_SUCCESS]  

2022-10-30 09:25:45,726 INFO Clear point  control rule for monitorKeys, pointName=[NAMING_DISTRO_VERIFY_SUCCESS]  

2022-10-30 09:25:45,726 INFO Register tps control,pointName=NAMING_DISTRO_VERIFY_FAIL, point=com.alibaba.nacos.core.remote.control.TpsMonitorPoint@13ee116b 

2022-10-30 09:25:45,726 INFO Load rule from local,pointName=NAMING_DISTRO_VERIFY_FAIL, ruleContent= 

2022-10-30 09:25:45,727 INFO Apply tps control rule parse start,pointName=[NAMING_DISTRO_VERIFY_FAIL]  

2022-10-30 09:25:45,727 INFO Clear point  control rule ,pointName=[NAMING_DISTRO_VERIFY_FAIL]  

2022-10-30 09:25:45,727 INFO Clear point  control rule for monitorKeys, pointName=[NAMING_DISTRO_VERIFY_FAIL]  

